<?xml version="1.0" encoding="UTF-8"?>
<testng-results ignored="0" total="4" passed="4" failed="0" skipped="0">
  <reporter-output>
  </reporter-output>
  <suite started-at="2024-05-02T11:10:25 IST" name="Surefire suite" finished-at="2024-05-02T11:13:28 IST" duration-ms="182488">
    <groups>
    </groups>
    <test started-at="2024-05-02T11:10:25 IST" name="Surefire test" finished-at="2024-05-02T11:13:28 IST" duration-ms="182488">
      <class name="com.example.AppTest">
        <test-method is-config="true" signature="setup()[pri:0, instance:com.example.AppTest@222114ba]" started-at="2024-05-02T11:10:25 IST" name="setup" finished-at="2024-05-02T11:11:28 IST" duration-ms="63066" status="PASS">
          <reporter-output>
          </reporter-output>
        </test-method> <!-- setup -->
        <test-method signature="testcase1()[pri:1, instance:com.example.AppTest@222114ba]" started-at="2024-05-02T11:11:29 IST" name="testcase1" finished-at="2024-05-02T11:13:00 IST" duration-ms="91895" status="PASS">
          <reporter-output>
          </reporter-output>
        </test-method> <!-- testcase1 -->
        <test-method signature="testcase2()[pri:2, instance:com.example.AppTest@222114ba]" started-at="2024-05-02T11:13:00 IST" name="testcase2" finished-at="2024-05-02T11:13:07 IST" duration-ms="6843" status="PASS">
          <reporter-output>
          </reporter-output>
        </test-method> <!-- testcase2 -->
        <test-method signature="testcase3()[pri:3, instance:com.example.AppTest@222114ba]" started-at="2024-05-02T11:13:07 IST" name="testcase3" finished-at="2024-05-02T11:13:27 IST" duration-ms="19618" status="PASS">
          <reporter-output>
          </reporter-output>
        </test-method> <!-- testcase3 -->
        <test-method signature="testcase4()[pri:4, instance:com.example.AppTest@222114ba]" started-at="2024-05-02T11:13:27 IST" name="testcase4" finished-at="2024-05-02T11:13:27 IST" duration-ms="350" status="PASS">
          <reporter-output>
          </reporter-output>
        </test-method> <!-- testcase4 -->
        <test-method is-config="true" signature="endTest()[pri:0, instance:com.example.AppTest@222114ba]" started-at="2024-05-02T11:13:27 IST" name="endTest" finished-at="2024-05-02T11:13:28 IST" duration-ms="654" status="PASS">
          <reporter-output>
          </reporter-output>
        </test-method> <!-- endTest -->
      </class> <!-- com.example.AppTest -->
    </test> <!-- Surefire test -->
  </suite> <!-- Surefire suite -->
</testng-results>
