<?xml version="1.0" encoding="UTF-8"?>
<!-- Generated by org.testng.reporters.JUnitXMLReporter -->
<testsuite ignored="0" hostname="Tejaswini" failures="0" tests="4" name="Surefire test" time="182.488" errors="0" timestamp="2024-05-02T11:13:28 IST">
  <testcase classname="com.example.AppTest" name="testcase1" time="91.895"/>
  <testcase classname="com.example.AppTest" name="testcase2" time="6.843"/>
  <testcase classname="com.example.AppTest" name="testcase3" time="19.618"/>
  <testcase classname="com.example.AppTest" name="testcase4" time="0.35"/>
</testsuite> <!-- Surefire test -->
